binlog|2016-02-12 08:01:03|try count 1
binlog|2016-02-12 08:01:03|BinLogException::__set_state(array(
   'message' => 'error:111, msg:Connection refused',
   'string' => '',
   'code' => 0,
   'file' => '/mnt/nowy/www/binreplicator/mysql-replication/Connect.php',
   'line' => 104,
   'trace' => 
  array (
    0 => 
    array (
      'file' => '/mnt/nowy/www/binreplicator/mysql-replication/Connect.php',
      'line' => 96,
      'function' => '_connect',
      'class' => 'Connect',
      'type' => '::',
      'args' => 
      array (
      ),
    ),
    1 => 
    array (
      'file' => '/mnt/nowy/www/binreplicator/mysql-replication/run.php',
      'line' => 25,
      'function' => 'init',
      'class' => 'Connect',
      'type' => '::',
      'args' => 
      array (
        0 => '9b1c8d18-2a76-11e5-a26b-000c2976f3f3:1-1242',
      ),
    ),
  ),
   'previous' => NULL,
))
mysqlBinlog|2016-02-12 08:20:06|remote host has closed the connectionmysql server has gone away
mysqlBinlog|2016-02-12 08:20:06|socekt read fail!mysql server has gone away
binlog|2016-02-12 08:20:06|try count 1
binlog|2016-02-12 08:20:06|BinLogException::__set_state(array(
   'message' => 'BinLogException::__set_state(array(
   \'message\' => \'remote host has closed. error:11, msg:Resource temporarily unavailable\',
   \'string\' => \'\',
   \'code\' => 0,
   \'file\' => \'/mnt/nowy/www/binreplicator/mysql-replication/Connect.php\',
   \'line\' => 150,
   \'trace\' => 
  array (
    0 => 
    array (
      \'file\' => \'/mnt/nowy/www/binreplicator/mysql-replication/Connect.php\',
      \'line\' => 189,
      \'function\' => \'_readBytes\',
      \'class\' => \'Connect\',
      \'type\' => \'::\',
      \'args\' => 
      array (
        0 => 4,
      ),
    ),
    1 => 
    array (
      \'file\' => \'/mnt/nowy/www/binreplicator/mysql-replication/Connect.php\',
      \'line\' => 303,
      \'function\' => \'_readPacket\',
      \'class\' => \'Connect\',
      \'type\' => \'::\',
      \'args\' => 
      array (
      ),
    ),
    2 => 
    array (
      \'file\' => \'/mnt/nowy/www/binreplicator/mysql-replication/run.php\',
      \'line\' => 27,
      \'function\' => \'analysisBinLog\',
      \'class\' => \'Connect\',
      \'type\' => \'::\',
      \'args\' => 
      array (
        0 => false,
      ),
    ),
  ),
   \'previous\' => NULL,
))',
   'string' => '',
   'code' => 0,
   'file' => '/mnt/nowy/www/binreplicator/mysql-replication/Connect.php',
   'line' => 173,
   'trace' => 
  array (
    0 => 
    array (
      'file' => '/mnt/nowy/www/binreplicator/mysql-replication/Connect.php',
      'line' => 189,
      'function' => '_readBytes',
      'class' => 'Connect',
      'type' => '::',
      'args' => 
      array (
        0 => 4,
      ),
    ),
    1 => 
    array (
      'file' => '/mnt/nowy/www/binreplicator/mysql-replication/Connect.php',
      'line' => 303,
      'function' => '_readPacket',
      'class' => 'Connect',
      'type' => '::',
      'args' => 
      array (
      ),
    ),
    2 => 
    array (
      'file' => '/mnt/nowy/www/binreplicator/mysql-replication/run.php',
      'line' => 27,
      'function' => 'analysisBinLog',
      'class' => 'Connect',
      'type' => '::',
      'args' => 
      array (
        0 => false,
      ),
    ),
  ),
   'previous' => NULL,
))
mysqlBinlog|2016-02-12 08:20:13|remote host has closed the connectionmysql server has gone away
mysqlBinlog|2016-02-12 08:20:13|socekt read fail!mysql server has gone away
binlog|2016-02-12 08:20:13|try count 2
binlog|2016-02-12 08:20:13|BinLogException::__set_state(array(
   'message' => 'BinLogException::__set_state(array(
   \'message\' => \'remote host has closed. error:11, msg:Resource temporarily unavailable\',
   \'string\' => \'\',
   \'code\' => 0,
   \'file\' => \'/mnt/nowy/www/binreplicator/mysql-replication/Connect.php\',
   \'line\' => 150,
   \'trace\' => 
  array (
    0 => 
    array (
      \'file\' => \'/mnt/nowy/www/binreplicator/mysql-replication/Connect.php\',
      \'line\' => 189,
      \'function\' => \'_readBytes\',
      \'class\' => \'Connect\',
      \'type\' => \'::\',
      \'args\' => 
      array (
        0 => 4,
      ),
    ),
    1 => 
    array (
      \'file\' => \'/mnt/nowy/www/binreplicator/mysql-replication/Connect.php\',
      \'line\' => 303,
      \'function\' => \'_readPacket\',
      \'class\' => \'Connect\',
      \'type\' => \'::\',
      \'args\' => 
      array (
      ),
    ),
    2 => 
    array (
      \'file\' => \'/mnt/nowy/www/binreplicator/mysql-replication/run.php\',
      \'line\' => 27,
      \'function\' => \'analysisBinLog\',
      \'class\' => \'Connect\',
      \'type\' => \'::\',
      \'args\' => 
      array (
        0 => false,
      ),
    ),
  ),
   \'previous\' => NULL,
))',
   'string' => '',
   'code' => 0,
   'file' => '/mnt/nowy/www/binreplicator/mysql-replication/Connect.php',
   'line' => 173,
   'trace' => 
  array (
    0 => 
    array (
      'file' => '/mnt/nowy/www/binreplicator/mysql-replication/Connect.php',
      'line' => 189,
      'function' => '_readBytes',
      'class' => 'Connect',
      'type' => '::',
      'args' => 
      array (
        0 => 4,
      ),
    ),
    1 => 
    array (
      'file' => '/mnt/nowy/www/binreplicator/mysql-replication/Connect.php',
      'line' => 303,
      'function' => '_readPacket',
      'class' => 'Connect',
      'type' => '::',
      'args' => 
      array (
      ),
    ),
    2 => 
    array (
      'file' => '/mnt/nowy/www/binreplicator/mysql-replication/run.php',
      'line' => 27,
      'function' => 'analysisBinLog',
      'class' => 'Connect',
      'type' => '::',
      'args' => 
      array (
        0 => false,
      ),
    ),
  ),
   'previous' => NULL,
))
mysqlBinlog|2016-02-12 08:20:20|remote host has closed the connectionmysql server has gone away
mysqlBinlog|2016-02-12 08:20:20|socekt read fail!mysql server has gone away
binlog|2016-02-12 08:20:20|try count 3
binlog|2016-02-12 08:20:20|BinLogException::__set_state(array(
   'message' => 'BinLogException::__set_state(array(
   \'message\' => \'remote host has closed. error:11, msg:Resource temporarily unavailable\',
   \'string\' => \'\',
   \'code\' => 0,
   \'file\' => \'/mnt/nowy/www/binreplicator/mysql-replication/Connect.php\',
   \'line\' => 150,
   \'trace\' => 
  array (
    0 => 
    array (
      \'file\' => \'/mnt/nowy/www/binreplicator/mysql-replication/Connect.php\',
      \'line\' => 189,
      \'function\' => \'_readBytes\',
      \'class\' => \'Connect\',
      \'type\' => \'::\',
      \'args\' => 
      array (
        0 => 4,
      ),
    ),
    1 => 
    array (
      \'file\' => \'/mnt/nowy/www/binreplicator/mysql-replication/Connect.php\',
      \'line\' => 303,
      \'function\' => \'_readPacket\',
      \'class\' => \'Connect\',
      \'type\' => \'::\',
      \'args\' => 
      array (
      ),
    ),
    2 => 
    array (
      \'file\' => \'/mnt/nowy/www/binreplicator/mysql-replication/run.php\',
      \'line\' => 27,
      \'function\' => \'analysisBinLog\',
      \'class\' => \'Connect\',
      \'type\' => \'::\',
      \'args\' => 
      array (
        0 => false,
      ),
    ),
  ),
   \'previous\' => NULL,
))',
   'string' => '',
   'code' => 0,
   'file' => '/mnt/nowy/www/binreplicator/mysql-replication/Connect.php',
   'line' => 173,
   'trace' => 
  array (
    0 => 
    array (
      'file' => '/mnt/nowy/www/binreplicator/mysql-replication/Connect.php',
      'line' => 189,
      'function' => '_readBytes',
      'class' => 'Connect',
      'type' => '::',
      'args' => 
      array (
        0 => 4,
      ),
    ),
    1 => 
    array (
      'file' => '/mnt/nowy/www/binreplicator/mysql-replication/Connect.php',
      'line' => 303,
      'function' => '_readPacket',
      'class' => 'Connect',
      'type' => '::',
      'args' => 
      array (
      ),
    ),
    2 => 
    array (
      'file' => '/mnt/nowy/www/binreplicator/mysql-replication/run.php',
      'line' => 27,
      'function' => 'analysisBinLog',
      'class' => 'Connect',
      'type' => '::',
      'args' => 
      array (
        0 => false,
      ),
    ),
  ),
   'previous' => NULL,
))
mysqlBinlog|2016-02-12 08:20:27|remote host has closed the connectionmysql server has gone away
mysqlBinlog|2016-02-12 08:20:27|socekt read fail!mysql server has gone away
binlog|2016-02-12 08:20:27|try count 4
binlog|2016-02-12 08:20:27|BinLogException::__set_state(array(
   'message' => 'BinLogException::__set_state(array(
   \'message\' => \'remote host has closed. error:11, msg:Resource temporarily unavailable\',
   \'string\' => \'\',
   \'code\' => 0,
   \'file\' => \'/mnt/nowy/www/binreplicator/mysql-replication/Connect.php\',
   \'line\' => 150,
   \'trace\' => 
  array (
    0 => 
    array (
      \'file\' => \'/mnt/nowy/www/binreplicator/mysql-replication/Connect.php\',
      \'line\' => 189,
      \'function\' => \'_readBytes\',
      \'class\' => \'Connect\',
      \'type\' => \'::\',
      \'args\' => 
      array (
        0 => 4,
      ),
    ),
    1 => 
    array (
      \'file\' => \'/mnt/nowy/www/binreplicator/mysql-replication/Connect.php\',
      \'line\' => 303,
      \'function\' => \'_readPacket\',
      \'class\' => \'Connect\',
      \'type\' => \'::\',
      \'args\' => 
      array (
      ),
    ),
    2 => 
    array (
      \'file\' => \'/mnt/nowy/www/binreplicator/mysql-replication/run.php\',
      \'line\' => 27,
      \'function\' => \'analysisBinLog\',
      \'class\' => \'Connect\',
      \'type\' => \'::\',
      \'args\' => 
      array (
        0 => false,
      ),
    ),
  ),
   \'previous\' => NULL,
))',
   'string' => '',
   'code' => 0,
   'file' => '/mnt/nowy/www/binreplicator/mysql-replication/Connect.php',
   'line' => 173,
   'trace' => 
  array (
    0 => 
    array (
      'file' => '/mnt/nowy/www/binreplicator/mysql-replication/Connect.php',
      'line' => 189,
      'function' => '_readBytes',
      'class' => 'Connect',
      'type' => '::',
      'args' => 
      array (
        0 => 4,
      ),
    ),
    1 => 
    array (
      'file' => '/mnt/nowy/www/binreplicator/mysql-replication/Connect.php',
      'line' => 303,
      'function' => '_readPacket',
      'class' => 'Connect',
      'type' => '::',
      'args' => 
      array (
      ),
    ),
    2 => 
    array (
      'file' => '/mnt/nowy/www/binreplicator/mysql-replication/run.php',
      'line' => 27,
      'function' => 'analysisBinLog',
      'class' => 'Connect',
      'type' => '::',
      'args' => 
      array (
        0 => false,
      ),
    ),
  ),
   'previous' => NULL,
))
mysqlBinlog|2016-02-12 08:20:34|remote host has closed the connectionmysql server has gone away
mysqlBinlog|2016-02-12 08:20:34|socekt read fail!mysql server has gone away
binlog|2016-02-12 08:20:34|try count 5
binlog|2016-02-12 08:20:34|BinLogException::__set_state(array(
   'message' => 'BinLogException::__set_state(array(
   \'message\' => \'remote host has closed. error:11, msg:Resource temporarily unavailable\',
   \'string\' => \'\',
   \'code\' => 0,
   \'file\' => \'/mnt/nowy/www/binreplicator/mysql-replication/Connect.php\',
   \'line\' => 150,
   \'trace\' => 
  array (
    0 => 
    array (
      \'file\' => \'/mnt/nowy/www/binreplicator/mysql-replication/Connect.php\',
      \'line\' => 189,
      \'function\' => \'_readBytes\',
      \'class\' => \'Connect\',
      \'type\' => \'::\',
      \'args\' => 
      array (
        0 => 4,
      ),
    ),
    1 => 
    array (
      \'file\' => \'/mnt/nowy/www/binreplicator/mysql-replication/Connect.php\',
      \'line\' => 303,
      \'function\' => \'_readPacket\',
      \'class\' => \'Connect\',
      \'type\' => \'::\',
      \'args\' => 
      array (
      ),
    ),
    2 => 
    array (
      \'file\' => \'/mnt/nowy/www/binreplicator/mysql-replication/run.php\',
      \'line\' => 27,
      \'function\' => \'analysisBinLog\',
      \'class\' => \'Connect\',
      \'type\' => \'::\',
      \'args\' => 
      array (
        0 => false,
      ),
    ),
  ),
   \'previous\' => NULL,
))',
   'string' => '',
   'code' => 0,
   'file' => '/mnt/nowy/www/binreplicator/mysql-replication/Connect.php',
   'line' => 173,
   'trace' => 
  array (
    0 => 
    array (
      'file' => '/mnt/nowy/www/binreplicator/mysql-replication/Connect.php',
      'line' => 189,
      'function' => '_readBytes',
      'class' => 'Connect',
      'type' => '::',
      'args' => 
      array (
        0 => 4,
      ),
    ),
    1 => 
    array (
      'file' => '/mnt/nowy/www/binreplicator/mysql-replication/Connect.php',
      'line' => 303,
      'function' => '_readPacket',
      'class' => 'Connect',
      'type' => '::',
      'args' => 
      array (
      ),
    ),
    2 => 
    array (
      'file' => '/mnt/nowy/www/binreplicator/mysql-replication/run.php',
      'line' => 27,
      'function' => 'analysisBinLog',
      'class' => 'Connect',
      'type' => '::',
      'args' => 
      array (
        0 => false,
      ),
    ),
  ),
   'previous' => NULL,
))
mysqlBinlog|2016-02-12 08:20:41|remote host has closed the connectionmysql server has gone away
mysqlBinlog|2016-02-12 08:20:41|socekt read fail!mysql server has gone away
binlog|2016-02-12 08:20:41|try count 6
binlog|2016-02-12 08:20:41|BinLogException::__set_state(array(
   'message' => 'BinLogException::__set_state(array(
   \'message\' => \'remote host has closed. error:11, msg:Resource temporarily unavailable\',
   \'string\' => \'\',
   \'code\' => 0,
   \'file\' => \'/mnt/nowy/www/binreplicator/mysql-replication/Connect.php\',
   \'line\' => 150,
   \'trace\' => 
  array (
    0 => 
    array (
      \'file\' => \'/mnt/nowy/www/binreplicator/mysql-replication/Connect.php\',
      \'line\' => 189,
      \'function\' => \'_readBytes\',
      \'class\' => \'Connect\',
      \'type\' => \'::\',
      \'args\' => 
      array (
        0 => 4,
      ),
    ),
    1 => 
    array (
      \'file\' => \'/mnt/nowy/www/binreplicator/mysql-replication/Connect.php\',
      \'line\' => 303,
      \'function\' => \'_readPacket\',
      \'class\' => \'Connect\',
      \'type\' => \'::\',
      \'args\' => 
      array (
      ),
    ),
    2 => 
    array (
      \'file\' => \'/mnt/nowy/www/binreplicator/mysql-replication/run.php\',
      \'line\' => 27,
      \'function\' => \'analysisBinLog\',
      \'class\' => \'Connect\',
      \'type\' => \'::\',
      \'args\' => 
      array (
        0 => false,
      ),
    ),
  ),
   \'previous\' => NULL,
))',
   'string' => '',
   'code' => 0,
   'file' => '/mnt/nowy/www/binreplicator/mysql-replication/Connect.php',
   'line' => 173,
   'trace' => 
  array (
    0 => 
    array (
      'file' => '/mnt/nowy/www/binreplicator/mysql-replication/Connect.php',
      'line' => 189,
      'function' => '_readBytes',
      'class' => 'Connect',
      'type' => '::',
      'args' => 
      array (
        0 => 4,
      ),
    ),
    1 => 
    array (
      'file' => '/mnt/nowy/www/binreplicator/mysql-replication/Connect.php',
      'line' => 303,
      'function' => '_readPacket',
      'class' => 'Connect',
      'type' => '::',
      'args' => 
      array (
      ),
    ),
    2 => 
    array (
      'file' => '/mnt/nowy/www/binreplicator/mysql-replication/run.php',
      'line' => 27,
      'function' => 'analysisBinLog',
      'class' => 'Connect',
      'type' => '::',
      'args' => 
      array (
        0 => false,
      ),
    ),
  ),
   'previous' => NULL,
))
mysqlBinlog|2016-02-12 08:39:24|read less datamysql server has gone away
mysqlBinlog|2016-02-12 08:39:24|socekt read fail!mysql server has gone away
binlog|2016-02-12 08:39:24|try count 1
binlog|2016-02-12 08:39:24|BinLogException::__set_state(array(
   'message' => 'BinLogException::__set_state(array(
   \'message\' => \'read less 4\',
   \'string\' => \'\',
   \'code\' => 0,
   \'file\' => \'/mnt/nowy/www/binreplicator/mysql-replication/Connect.php\',
   \'line\' => 161,
   \'trace\' => 
  array (
    0 => 
    array (
      \'file\' => \'/mnt/nowy/www/binreplicator/mysql-replication/Connect.php\',
      \'line\' => 189,
      \'function\' => \'_readBytes\',
      \'class\' => \'Connect\',
      \'type\' => \'::\',
      \'args\' => 
      array (
        0 => 4,
      ),
    ),
    1 => 
    array (
      \'file\' => \'/mnt/nowy/www/binreplicator/mysql-replication/Connect.php\',
      \'line\' => 303,
      \'function\' => \'_readPacket\',
      \'class\' => \'Connect\',
      \'type\' => \'::\',
      \'args\' => 
      array (
      ),
    ),
    2 => 
    array (
      \'file\' => \'/mnt/nowy/www/binreplicator/mysql-replication/run.php\',
      \'line\' => 27,
      \'function\' => \'analysisBinLog\',
      \'class\' => \'Connect\',
      \'type\' => \'::\',
      \'args\' => 
      array (
        0 => false,
      ),
    ),
  ),
   \'previous\' => NULL,
))',
   'string' => '',
   'code' => 0,
   'file' => '/mnt/nowy/www/binreplicator/mysql-replication/Connect.php',
   'line' => 173,
   'trace' => 
  array (
    0 => 
    array (
      'file' => '/mnt/nowy/www/binreplicator/mysql-replication/Connect.php',
      'line' => 189,
      'function' => '_readBytes',
      'class' => 'Connect',
      'type' => '::',
      'args' => 
      array (
        0 => 4,
      ),
    ),
    1 => 
    array (
      'file' => '/mnt/nowy/www/binreplicator/mysql-replication/Connect.php',
      'line' => 303,
      'function' => '_readPacket',
      'class' => 'Connect',
      'type' => '::',
      'args' => 
      array (
      ),
    ),
    2 => 
    array (
      'file' => '/mnt/nowy/www/binreplicator/mysql-replication/run.php',
      'line' => 27,
      'function' => 'analysisBinLog',
      'class' => 'Connect',
      'type' => '::',
      'args' => 
      array (
        0 => false,
      ),
    ),
  ),
   'previous' => NULL,
))
